app/build/outputs/logs/manifest-merger-debug-report.txt
-- Merging decision tree log ---
manifest
ADDED from src/main/AndroidManifest.xml:2:1-55:12
	package
		ADDED from src/main/AndroidManifest.xml:3:5-38
		INJECTED from src/main/AndroidManifest.xml
		INJECTED from src/main/AndroidManifest.xml
	android:versionName
		ADDED from src/main/AndroidManifest.xml:5:5-32
		INJECTED from src/main/AndroidManifest.xml
		INJECTED from src/main/AndroidManifest.xml
	android:versionCode
		ADDED from src/main/AndroidManifest.xml:4:5-28
		INJECTED from src/main/AndroidManifest.xml
		INJECTED from src/main/AndroidManifest.xml
	xmlns:android
		ADDED from src/main/AndroidManifest.xml:2:11-69
uses-sdk
ADDED from src/main/AndroidManifest.xml:7:5-9:41
	android:targetSdkVersion
		ADDED from src/main/AndroidManifest.xml:9:9-38
		INJECTED from src/main/AndroidManifest.xml
		INJECTED from src/main/AndroidManifest.xml
	android:minSdkVersion
		ADDED from src/main/AndroidManifest.xml:8:9-34
		INJECTED from src/main/AndroidManifest.xml
		INJECTED from src/main/AndroidManifest.xml
uses-permission#android.permission.CAMERA
ADDED from src/main/AndroidManifest.xml:11:5-65
	android:name
		ADDED from src/main/AndroidManifest.xml:11:22-62
uses-permission#android.permission.WRITE_EXTERNAL_STORAGE
ADDED from src/main/AndroidManifest.xml:12:5-81
	android:name
		ADDED from src/main/AndroidManifest.xml:12:22-78
uses-feature#0x00020000
ADDED from src/main/AndroidManifest.xml:14:5-16:35
	android:glEsVersion
		ADDED from src/main/AndroidManifest.xml:15:9-41
	android:required
		ADDED from src/main/AndroidManifest.xml:16:9-32
uses-feature#android.hardware.camera
ADDED from src/main/AndroidManifest.xml:17:5-19:35
	android:required
		ADDED from src/main/AndroidManifest.xml:19:9-32
	android:name
		ADDED from src/main/AndroidManifest.xml:18:9-47
uses-feature#android.hardware.location.network
ADDED from src/main/AndroidManifest.xml:20:5-22:35
	android:required
		ADDED from src/main/AndroidManifest.xml:22:9-32
	android:name
		ADDED from src/main/AndroidManifest.xml:21:9-57
uses-feature#android.hardware.sensor.compass
ADDED from src/main/AndroidManifest.xml:23:5-25:35
	android:required
		ADDED from src/main/AndroidManifest.xml:25:9-32
	android:name
		ADDED from src/main/AndroidManifest.xml:24:9-55
uses-feature#android.hardware.touchscreen
ADDED from src/main/AndroidManifest.xml:26:5-28:35
	android:required
		ADDED from src/main/AndroidManifest.xml:28:9-32
	android:name
		ADDED from src/main/AndroidManifest.xml:27:9-52
application
ADDED from src/main/AndroidManifest.xml:30:5-53:19
	android:label
		ADDED from src/main/AndroidManifest.xml:34:9-41
	android:hardwareAccelerated
		ADDED from src/main/AndroidManifest.xml:32:9-43
	android:allowBackup
		ADDED from src/main/AndroidManifest.xml:31:9-35
	android:icon
		ADDED from src/main/AndroidManifest.xml:33:9-38
	android:largeHeap
		ADDED from src/main/AndroidManifest.xml:35:9-33
	android:theme
		ADDED from src/main/AndroidManifest.xml:36:9-73
activity#com.dermandar.panoramal.ShooterActivity
ADDED from src/main/AndroidManifest.xml:37:9-46:20
	android:label
		ADDED from src/main/AndroidManifest.xml:40:13-45
	android:configChanges
		ADDED from src/main/AndroidManifest.xml:39:13-48
	android:name
		ADDED from src/main/AndroidManifest.xml:38:13-67
intent-filter#android.intent.action.MAIN+android.intent.category.LAUNCHER
ADDED from src/main/AndroidManifest.xml:41:13-45:29
action#android.intent.action.MAIN
ADDED from src/main/AndroidManifest.xml:42:17-69
	android:name
		ADDED from src/main/AndroidManifest.xml:42:25-66
category#android.intent.category.LAUNCHER
ADDED from src/main/AndroidManifest.xml:44:17-77
	android:name
		ADDED from src/main/AndroidManifest.xml:44:27-74
activity#com.dermandar.panoramal.ViewerActivity
ADDED from src/main/AndroidManifest.xml:47:9-52:20
	android:screenOrientation
		ADDED from src/main/AndroidManifest.xml:51:13-56
	android:label
		ADDED from src/main/AndroidManifest.xml:50:13-45
	android:configChanges
		ADDED from src/main/AndroidManifest.xml:49:13-48
	android:name
		ADDED from src/main/AndroidManifest.xml:48:13-66